[colorlib.com/preview/theme/mona/index.html]
[backblue.gif]
[fade.gif]
[index.html]
[colorlib.com/preview/theme/mona/style.css]
[colorlib.com/preview/theme/mona/img/core-img/curve.png]
[colorlib.com/preview/theme/mona/img/core-img/favicon.ico]
[colorlib.com/preview/theme/mona/index-2.html]
[colorlib.com/preview/theme/mona/img/core-img/logo.png]
[colorlib.com/preview/theme/mona/about.html]
[colorlib.com/preview/theme/mona/projects.html]
[colorlib.com/preview/theme/mona/models.html]
[colorlib.com/preview/theme/mona/casting.html]
[colorlib.com/preview/theme/mona/blog.html]
[colorlib.com/preview/theme/mona/single-blog.html]
[colorlib.com/preview/theme/mona/contact.html]
[colorlib.com/preview/theme/mona/img/bg-img/18.jpg]
[colorlib.com/preview/theme/mona/img/bg-img/19.jpg]
[colorlib.com/preview/theme/mona/img/bg-img/20.jpg]
[colorlib.com/preview/theme/mona/img/bg-img/16.jpg]
[colorlib.com/preview/theme/mona/img/bg-img/17.jpg]
[colorlib.com/preview/theme/mona/img/bg-img/10.jpg]
[colorlib.com/preview/theme/mona/img/bg-img/9.jpg]
[colorlib.com/preview/theme/mona/img/bg-img/11.jpg]
[colorlib.com/preview/theme/mona/img/bg-img/12.jpg]
[colorlib.com/preview/theme/mona/img/bg-img/13.jpg]
[colorlib.com/preview/theme/mona/img/bg-img/14.jpg]
[colorlib.com/preview/theme/mona/img/bg-img/6.jpg]
[colorlib.com/preview/theme/mona/img/bg-img/7.jpg]
[colorlib.com/preview/theme/mona/img/bg-img/8.jpg]
[colorlib.com/preview/theme/mona/img/bg-img/3.jpg]
[colorlib.com/preview/theme/mona/img/bg-img/4.jpg]
[colorlib.com/preview/theme/mona/img/bg-img/5.jpg]
[colorlib.com/preview/theme/mona/img/bg-img/1.jpg]
[colorlib.com/preview/theme/mona/img/bg-img/2.jpg]
[colorlib.com/preview/theme/mona/js/jquery.min.js]
[colorlib.com/preview/theme/mona/js/popper.min.js]
[colorlib.com/preview/theme/mona/js/bootstrap.min.js]
[colorlib.com/preview/theme/mona/js/mona.bundle.js]
[colorlib.com/preview/theme/mona/js/default-assets/active.js]
[colorlib.com/preview/theme/mona/index.html]
[ajax.cloudflare.com/cdn-cgi/scripts/95c75768/cloudflare-static/rocket-loader.min.js]
[colorlib.com/preview/theme/mona/css/default-assets/hkgrotesk-fonts.css]
[colorlib.com/preview/theme/mona/css/bootstrap.min.css]
[colorlib.com/preview/theme/mona/css/animate.css]
[colorlib.com/preview/theme/mona/css/default-assets/classy-nav.css]
[colorlib.com/preview/theme/mona/css/owl.carousel.min.css]
[colorlib.com/preview/theme/mona/css/magnific-popup.css]
[colorlib.com/preview/theme/mona/css/font-awesome.min.css]
[colorlib.com/preview/theme/mona/css/default-assets/slick.css]
[colorlib.com/preview/theme/mona/style.css]
[colorlib.com/preview/theme/mona/index-2.html]
[colorlib.com/preview/theme/mona/css/style.css]
[colorlib.com/preview/theme/mona/img/bg-img/21.jpg]
[colorlib.com/preview/theme/mona/img/bg-img/22.jpg]
[colorlib.com/preview/theme/mona/img/bg-img/23.jpg]
[colorlib.com/preview/theme/mona/img/bg-img/24.jpg]
[colorlib.com/preview/theme/mona/img/bg-img/25.jpg]
[colorlib.com/preview/theme/mona/about.html]
[colorlib.com/preview/theme/mona/img/bg-img/31.jpg]
[colorlib.com/preview/theme/mona/img/bg-img/32.jpg]
[colorlib.com/preview/theme/mona/img/bg-img/33.jpg]
[colorlib.com/preview/theme/mona/img/bg-img/34.jpg]
[colorlib.com/preview/theme/mona/img/bg-img/35.jpg]
[colorlib.com/preview/theme/mona/img/bg-img/36.jpg]
[colorlib.com/preview/theme/mona/img/bg-img/37.jpg]
[colorlib.com/preview/theme/mona/img/bg-img/38.jpg]
[colorlib.com/preview/theme/mona/img/bg-img/39.jpg]
[colorlib.com/preview/theme/mona/img/bg-img/40.jpg]
[colorlib.com/preview/theme/mona/projects.html]
[colorlib.com/preview/theme/mona/img/bg-img/15.jpg]
[colorlib.com/preview/theme/mona/img/bg-img/26.jpg]
[colorlib.com/preview/theme/mona/img/bg-img/27.jpg]
[colorlib.com/preview/theme/mona/img/bg-img/28.jpg]
[colorlib.com/preview/theme/mona/img/bg-img/29.jpg]
[colorlib.com/preview/theme/mona/models.html]
[colorlib.com/preview/theme/mona/img/bg-img/30.jpg]
[colorlib.com/preview/theme/mona/casting.html]
[colorlib.com/preview/theme/mona/img/bg-img/41.jpg]
[colorlib.com/preview/theme/mona/img/bg-img/42.jpg]
[colorlib.com/preview/theme/mona/img/bg-img/43.jpg]
[colorlib.com/preview/theme/mona/blog.html]
[colorlib.com/preview/theme/mona/img/bg-img/48.jpg]
[colorlib.com/preview/theme/mona/img/bg-img/49.jpg]
[colorlib.com/preview/theme/mona/img/bg-img/50.jpg]
[colorlib.com/preview/theme/mona/img/bg-img/51.jpg]
[colorlib.com/preview/theme/mona/img/bg-img/44.jpg]
[colorlib.com/preview/theme/mona/img/bg-img/45.jpg]
[colorlib.com/preview/theme/mona/img/bg-img/46.jpg]
[colorlib.com/preview/theme/mona/img/bg-img/47.jpg]
[colorlib.com/preview/theme/mona/img/bg-img/banner.png]
[colorlib.com/preview/theme/mona/single-blog.html]
[colorlib.com/preview/theme/mona/contact.html]
[colorlib.com/cdn-cgi/scripts/5c5dd728/cloudflare-static/email-decode.min.js]
[colorlib.com/preview/theme/mona/fonts/HKGrotesk-Regular.eot]
[colorlib.com/preview/theme/mona/fonts/HKGrotesk-Regulard41d.eot]
[colorlib.com/preview/theme/mona/fonts/HKGrotesk-Regular.woff2]
[colorlib.com/preview/theme/mona/fonts/HKGrotesk-Regular.woff]
[colorlib.com/preview/theme/mona/fonts/HKGrotesk-Regular.ttf]
[colorlib.com/preview/theme/mona/fonts/HKGrotesk-Regular.svg]
[colorlib.com/preview/theme/mona/fonts/HKGrotesk-Medium.eot]
[colorlib.com/preview/theme/mona/fonts/HKGrotesk-Mediumd41d.eot]
[colorlib.com/preview/theme/mona/fonts/HKGrotesk-Medium.woff2]
[colorlib.com/preview/theme/mona/fonts/HKGrotesk-Medium.woff]
[colorlib.com/preview/theme/mona/fonts/HKGrotesk-Medium.ttf]
[colorlib.com/preview/theme/mona/fonts/HKGrotesk-Medium.svg]
[colorlib.com/preview/theme/mona/fonts/HKGrotesk-Italic.eot]
[colorlib.com/preview/theme/mona/fonts/HKGrotesk-Italicd41d.eot]
[colorlib.com/preview/theme/mona/fonts/HKGrotesk-Italic.woff2]
[colorlib.com/preview/theme/mona/fonts/HKGrotesk-Italic.woff]
[colorlib.com/preview/theme/mona/fonts/HKGrotesk-Italic.ttf]
[colorlib.com/preview/theme/mona/fonts/HKGrotesk-Italic.svg]
[colorlib.com/preview/theme/mona/fonts/HKGrotesk-SemiBoldItalic.eot]
[colorlib.com/preview/theme/mona/fonts/HKGrotesk-SemiBoldItalicd41d.eot]
[colorlib.com/preview/theme/mona/fonts/HKGrotesk-SemiBoldItalic.woff2]
[colorlib.com/preview/theme/mona/fonts/HKGrotesk-SemiBoldItalic.woff]
[colorlib.com/preview/theme/mona/fonts/HKGrotesk-SemiBoldItalic.ttf]
[colorlib.com/preview/theme/mona/fonts/HKGrotesk-SemiBoldItalic.svg]
[colorlib.com/preview/theme/mona/fonts/HKGrotesk-SemiBold.eot]
[colorlib.com/preview/theme/mona/fonts/HKGrotesk-SemiBoldd41d.eot]
[colorlib.com/preview/theme/mona/fonts/HKGrotesk-SemiBold.woff2]
[colorlib.com/preview/theme/mona/fonts/HKGrotesk-SemiBold.woff]
[colorlib.com/preview/theme/mona/fonts/HKGrotesk-SemiBold.ttf]
[colorlib.com/preview/theme/mona/fonts/HKGrotesk-SemiBold.svg]
[colorlib.com/preview/theme/mona/fonts/HKGrotesk-Bold.eot]
[colorlib.com/preview/theme/mona/fonts/HKGrotesk-Boldd41d.eot]
[colorlib.com/preview/theme/mona/fonts/HKGrotesk-Bold.woff2]
[colorlib.com/preview/theme/mona/fonts/HKGrotesk-Bold.woff]
[colorlib.com/preview/theme/mona/fonts/HKGrotesk-Bold.ttf]
[colorlib.com/preview/theme/mona/fonts/HKGrotesk-Bold.svg]
[colorlib.com/preview/theme/mona/fonts/HKGrotesk-MediumItalic.eot]
[colorlib.com/preview/theme/mona/fonts/HKGrotesk-MediumItalicd41d.eot]
[colorlib.com/preview/theme/mona/fonts/HKGrotesk-MediumItalic.woff2]
[colorlib.com/preview/theme/mona/fonts/HKGrotesk-MediumItalic.woff]
[colorlib.com/preview/theme/mona/fonts/HKGrotesk-MediumItalic.ttf]
[colorlib.com/preview/theme/mona/fonts/HKGrotesk-MediumItalic.svg]
[colorlib.com/preview/theme/mona/fonts/HKGrotesk-BoldItalic.eot]
[colorlib.com/preview/theme/mona/fonts/HKGrotesk-BoldItalicd41d.eot]
[colorlib.com/preview/theme/mona/fonts/HKGrotesk-BoldItalic.woff2]
[colorlib.com/preview/theme/mona/fonts/HKGrotesk-BoldItalic.woff]
[colorlib.com/preview/theme/mona/fonts/HKGrotesk-BoldItalic.ttf]
[colorlib.com/preview/theme/mona/css/default-assets/hkgrotesk-fonts.css]
[colorlib.com/preview/theme/mona/css/bootstrap.min.css]
[colorlib.com/preview/theme/mona/css/animate.css]
[colorlib.com/preview/theme/mona/fonts/HKGrotesk-BoldItalic.svg]
[colorlib.com/preview/theme/mona/fonts/classycb9b.eot]
[colorlib.com/preview/theme/mona/fonts/classycb9b.ttf]
[colorlib.com/preview/theme/mona/fonts/classycb9b.woff]
[colorlib.com/preview/theme/mona/css/default-assets/classy-nav.css]
[colorlib.com/preview/theme/mona/fonts/classycb9b.svg]
[colorlib.com/preview/theme/mona/css/owl.video.play.png]
[colorlib.com/preview/theme/mona/css/owl.carousel.min.css]
[colorlib.com/preview/theme/mona/css/magnific-popup.css]
[colorlib.com/preview/theme/mona/fonts/fontawesome-webfont3e6e.eot]
[colorlib.com/preview/theme/mona/fonts/fontawesome-webfontd41d.eot]
[colorlib.com/preview/theme/mona/fonts/fontawesome-webfont3e6e.woff2]
[colorlib.com/preview/theme/mona/fonts/fontawesome-webfont3e6e.woff]
[colorlib.com/preview/theme/mona/css/font-awesome.min.css]
[colorlib.com/preview/theme/mona/css/default-assets/slick.css]
[colorlib.com/preview/theme/mona/fonts/fontawesome-webfont3e6e.ttf]
[colorlib.com/preview/theme/mona/fonts/fontawesome-webfont3e6e.svg]
[colorlib.com/preview/theme/mona/css/fonts/ElegantIcons.eot]
[colorlib.com/preview/theme/mona/css/fonts/ElegantIconsd41d.eot]
[colorlib.com/preview/theme/mona/css/fonts/ElegantIcons.woff]
[colorlib.com/preview/theme/mona/css/fonts/ElegantIcons.ttf]
[colorlib.com/preview/theme/mona/css/style.css]
[colorlib.com/preview/theme/mona/fonts/HKGrotesk-Regular.svg]
[colorlib.com/preview/theme/mona/fonts/HKGrotesk-Medium.svg]
[colorlib.com/preview/theme/mona/fonts/HKGrotesk-Italic.svg]
[colorlib.com/preview/theme/mona/fonts/HKGrotesk-SemiBoldItalic.svg]
[colorlib.com/preview/theme/mona/css/fonts/ElegantIcons.svg]
[colorlib.com/preview/theme/mona/fonts/HKGrotesk-SemiBold.svg]
[colorlib.com/preview/theme/mona/fonts/HKGrotesk-Bold.svg]
[colorlib.com/preview/theme/mona/fonts/HKGrotesk-MediumItalic.svg]
[colorlib.com/preview/theme/mona/fonts/HKGrotesk-BoldItalic.svg]
[colorlib.com/preview/theme/mona/fonts/classycb9b.svg]
[colorlib.com/preview/theme/mona/css/owl.video.play.html]
[colorlib.com/preview/theme/mona/fonts/fontawesome-webfont3e6e.svg]
[colorlib.com/preview/theme/mona/css/fonts/ElegantIcons.svg]
